  main.cpp
c:\users\surface\documents\computer graphic\raytracing_template\source\common\common.h(72): warning C4305: 'initializing': truncation from 'double' to 'GLfloat'
c:\users\surface\documents\computer graphic\raytracing_template\source\common\common.h(73): warning C4305: 'initializing': truncation from 'double' to 'GLfloat'
c:\users\surface\documents\computer graphic\raytracing_template\source\common\vec.h(301): warning C4244: 'argument': conversion from 'double' to 'const GLfloat', possible loss of data
c:\users\surface\documents\computer graphic\raytracing_template\source\common\vec.h(462): warning C4244: 'argument': conversion from 'double' to 'const GLfloat', possible loss of data
c:\users\surface\documents\computer graphic\raytracing_template\source\common\mat.h(708): warning C4244: '=': conversion from 'double' to 'GLfloat', possible loss of data
c:\users\surface\documents\computer graphic\raytracing_template\source\common\mat.h(709): warning C4244: '=': conversion from 'double' to 'GLfloat', possible loss of data
c:\users\surface\documents\computer graphic\raytracing_template\source\common\mat.h(710): warning C4244: '=': conversion from 'double' to 'GLfloat', possible loss of data
c:\users\surface\documents\computer graphic\raytracing_template\source\common\mat.h(731): warning C4244: '=': conversion from 'double' to 'GLfloat', possible loss of data
c:\users\surface\documents\computer graphic\raytracing_template\source\common\mat.h(733): warning C4244: '=': conversion from 'double' to 'GLfloat', possible loss of data
c:\users\surface\documents\computer graphic\raytracing_template\source\common\mat.h(736): warning C4244: '=': conversion from 'double' to 'GLfloat', possible loss of data
c:\users\surface\documents\computer graphic\raytracing_template\source\common\mat.h(753): warning C4244: '=': conversion from 'double' to 'GLfloat', possible loss of data
c:\users\surface\documents\computer graphic\raytracing_template\source\common\mat.h(833): warning C4244: 'argument': conversion from 'double' to 'const GLfloat', possible loss of data
c:\users\surface\documents\computer graphic\raytracing_template\source\common\common.h(241): warning C4996: 'fopen': This function or variable may be unsafe. Consider using fopen_s instead. To disable deprecation, use _CRT_SECURE_NO_WARNINGS. See online help for details.
  c:\program files (x86)\windows kits\10\include\10.0.16299.0\ucrt\stdio.h(207): note: see declaration of 'fopen'
c:\users\surface\documents\computer graphic\raytracing_template\source\main.cpp(166): warning C4244: 'argument': conversion from 'GLdouble' to 'GLfloat', possible loss of data
c:\users\surface\documents\computer graphic\raytracing_template\source\main.cpp(169): warning C4244: 'argument': conversion from 'GLdouble' to 'GLfloat', possible loss of data
c:\users\surface\documents\computer graphic\raytracing_template\source\main.cpp(168): warning C4244: 'argument': conversion from 'GLdouble' to 'GLfloat', possible loss of data
c:\users\surface\documents\computer graphic\raytracing_template\source\main.cpp(167): warning C4244: 'argument': conversion from 'GLdouble' to 'GLfloat', possible loss of data
c:\users\surface\documents\computer graphic\raytracing_template\source\main.cpp(235): warning C4305: 'argument': truncation from 'double' to 'GLfloat'
c:\users\surface\documents\computer graphic\raytracing_template\source\main.cpp(236): warning C4305: 'argument': truncation from 'double' to 'GLfloat'
c:\users\surface\documents\computer graphic\raytracing_template\source\main.cpp(237): warning C4305: 'argument': truncation from 'double' to 'GLfloat'
c:\users\surface\documents\computer graphic\raytracing_template\source\main.cpp(238): warning C4305: 'argument': truncation from 'double' to 'GLfloat'
c:\users\surface\documents\computer graphic\raytracing_template\source\main.cpp(260): warning C4305: 'argument': truncation from 'double' to 'GLfloat'
c:\users\surface\documents\computer graphic\raytracing_template\source\main.cpp(261): warning C4305: 'argument': truncation from 'double' to 'GLfloat'
c:\users\surface\documents\computer graphic\raytracing_template\source\main.cpp(262): warning C4305: 'argument': truncation from 'double' to 'GLfloat'
c:\users\surface\documents\computer graphic\raytracing_template\source\main.cpp(263): warning C4305: 'argument': truncation from 'double' to 'GLfloat'
c:\users\surface\documents\computer graphic\raytracing_template\source\main.cpp(295): warning C4018: '<': signed/unsigned mismatch
c:\users\surface\documents\computer graphic\raytracing_template\source\main.cpp(322): warning C4244: 'argument': conversion from 'double' to 'const GLfloat', possible loss of data
c:\users\surface\documents\computer graphic\raytracing_template\source\main.cpp(348): warning C4244: 'argument': conversion from 'double' to 'const GLfloat', possible loss of data
c:\users\surface\documents\computer graphic\raytracing_template\source\main.cpp(359): warning C4244: 'argument': conversion from 'double' to 'const GLfloat', possible loss of data
c:\users\surface\documents\computer graphic\raytracing_template\source\main.cpp(372): warning C4244: 'argument': conversion from 'double' to 'const GLfloat', possible loss of data
c:\users\surface\documents\computer graphic\raytracing_template\source\main.cpp(469): warning C4018: '<': signed/unsigned mismatch
c:\users\surface\documents\computer graphic\raytracing_template\source\main.cpp(470): warning C4018: '<': signed/unsigned mismatch
c:\users\surface\documents\computer graphic\raytracing_template\source\main.cpp(475): warning C4244: '=': conversion from 'GLfloat' to 'unsigned char', possible loss of data
c:\users\surface\documents\computer graphic\raytracing_template\source\main.cpp(476): warning C4244: '=': conversion from 'GLfloat' to 'unsigned char', possible loss of data
c:\users\surface\documents\computer graphic\raytracing_template\source\main.cpp(477): warning C4244: '=': conversion from 'GLfloat' to 'unsigned char', possible loss of data
c:\users\surface\documents\computer graphic\raytracing_template\source\main.cpp(478): warning C4244: '=': conversion from 'GLfloat' to 'unsigned char', possible loss of data
c:\users\surface\documents\computer graphic\raytracing_template\source\main.cpp(598): warning C4305: '=': truncation from 'double' to 'float'
c:\users\surface\documents\computer graphic\raytracing_template\source\main.cpp(727): warning C4244: '=': conversion from 'double' to 'int', possible loss of data
c:\users\surface\documents\computer graphic\raytracing_template\source\main.cpp(742): warning C4244: 'initializing': conversion from 'double' to 'float', possible loss of data
c:\users\surface\documents\computer graphic\raytracing_template\source\main.cpp(743): warning C4244: 'initializing': conversion from 'double' to 'float', possible loss of data
c:\users\surface\documents\computer graphic\raytracing_template\source\main.cpp(750): warning C4244: '=': conversion from 'double' to 'int', possible loss of data
c:\users\surface\documents\computer graphic\raytracing_template\source\main.cpp(757): warning C4244: '=': conversion from 'double' to 'int', possible loss of data
c:\users\surface\documents\computer graphic\raytracing_template\source\main.cpp(766): warning C4244: 'argument': conversion from 'double' to 'float', possible loss of data
c:\users\surface\documents\computer graphic\raytracing_template\source\main.cpp(765): warning C4244: 'argument': conversion from 'double' to 'float', possible loss of data
c:\users\surface\documents\computer graphic\raytracing_template\source\main.cpp(772): warning C4244: '=': conversion from 'double' to 'int', possible loss of data
c:\users\surface\documents\computer graphic\raytracing_template\source\main.cpp(854): warning C4305: 'argument': truncation from 'double' to 'GLfloat'
c:\users\surface\documents\computer graphic\raytracing_template\source\main.cpp(995): warning C4305: 'argument': truncation from 'double' to 'const GLfloat'
  raytracer.vcxproj -> C:\Users\surface\Documents\Computer Graphic\raytracing_template\build\Debug\raytracer.exe
